c:\users\zakha\documents\15. database+\dbone\build\debug\dbone.pdb
c:\users\zakha\documents\15. database+\dbone\build\dbone.dir\debug\ser.obj
c:\users\zakha\documents\15. database+\dbone\build\dbone.dir\debug\constants.obj
c:\users\zakha\documents\15. database+\dbone\build\dbone.dir\debug\schema.obj
c:\users\zakha\documents\15. database+\dbone\build\dbone.dir\debug\datatypes.obj
c:\users\zakha\documents\15. database+\dbone\build\dbone.dir\debug\column.obj
c:\users\zakha\documents\15. database+\dbone\build\dbone.dir\debug\index.obj
c:\users\zakha\documents\15. database+\dbone\build\dbone.dir\debug\storage.obj
c:\users\zakha\documents\15. database+\dbone\build\dbone.dir\debug\serialize.obj
c:\users\zakha\documents\15. database+\dbone\build\dbone.dir\debug\insert.obj
c:\users\zakha\documents\15. database+\dbone\build\dbone.dir\debug\row.obj
c:\users\zakha\documents\15. database+\dbone\build\dbone.dir\debug\clustered_index_node.obj
c:\users\zakha\documents\15. database+\dbone\build\dbone.dir\debug\availablepages.obj
c:\users\zakha\documents\15. database+\dbone\build\dbone.dir\debug\search.obj
c:\users\zakha\documents\15. database+\dbone\build\cmakefiles\generate.stamp
c:\users\zakha\documents\15. database+\dbone\build\debug\dbone.lib
c:\users\zakha\documents\15. database+\dbone\build\dbone.dir\debug\dbone.tlog\cl.command.1.tlog
c:\users\zakha\documents\15. database+\dbone\build\dbone.dir\debug\dbone.tlog\cl.items.tlog
c:\users\zakha\documents\15. database+\dbone\build\dbone.dir\debug\dbone.tlog\cl.read.1.tlog
c:\users\zakha\documents\15. database+\dbone\build\dbone.dir\debug\dbone.tlog\cl.write.1.tlog
c:\users\zakha\documents\15. database+\dbone\build\dbone.dir\debug\dbone.tlog\custombuild.command.1.tlog
c:\users\zakha\documents\15. database+\dbone\build\dbone.dir\debug\dbone.tlog\custombuild.read.1.tlog
c:\users\zakha\documents\15. database+\dbone\build\dbone.dir\debug\dbone.tlog\custombuild.write.1.tlog
c:\users\zakha\documents\15. database+\dbone\build\dbone.dir\debug\dbone.tlog\lib-link.write.1.tlog
c:\users\zakha\documents\15. database+\dbone\build\dbone.dir\debug\dbone.tlog\lib.command.1.tlog
c:\users\zakha\documents\15. database+\dbone\build\dbone.dir\debug\dbone.tlog\lib.read.1.tlog
